<?xml version="1.0" encoding="UTF-8"?>
<testng-results skipped="1" failed="0" total="1" passed="0">
  <reporter-output>
  </reporter-output>
  <suite name="Default suite" duration-ms="19336" started-at="2020-06-24T10:14:15Z" finished-at="2020-06-24T10:14:34Z">
    <groups>
    </groups>
    <test name="Default test" duration-ms="19336" started-at="2020-06-24T10:14:15Z" finished-at="2020-06-24T10:14:34Z">
      <class name="feonix.testing.testcases.LoginTC">
        <test-method status="FAIL" signature="BrowserLaunch()[pri:0, instance:feonix.testing.testcases.LoginTC@31a5c39e]" name="BrowserLaunch" is-config="true" duration-ms="0" started-at="2020-06-24T15:44:15Z" finished-at="2020-06-24T15:44:15Z">
          <exception class="java.lang.IllegalMonitorStateException">
            <full-stacktrace>
              <![CDATA[java.lang.IllegalMonitorStateException
	at java.lang.Object.wait(Native Method)
	at feonix.testing.base.Base.BrowserLaunch(Base.java:30)
	at sun.reflect.NativeMethodAccessorImpl.invoke0(Native Method)
	at sun.reflect.NativeMethodAccessorImpl.invoke(Unknown Source)
	at sun.reflect.DelegatingMethodAccessorImpl.invoke(Unknown Source)
	at java.lang.reflect.Method.invoke(Unknown Source)
	at org.testng.internal.MethodInvocationHelper.invokeMethod(MethodInvocationHelper.java:85)
	at org.testng.internal.Invoker.invokeConfigurationMethod(Invoker.java:510)
	at org.testng.internal.Invoker.invokeConfigurations(Invoker.java:211)
	at org.testng.internal.Invoker.invokeMethod(Invoker.java:585)
	at org.testng.internal.Invoker.invokeTestMethod(Invoker.java:821)
	at org.testng.internal.Invoker.invokeTestMethods(Invoker.java:1131)
	at org.testng.internal.TestMethodWorker.invokeTestMethods(TestMethodWorker.java:124)
	at org.testng.internal.TestMethodWorker.run(TestMethodWorker.java:108)
	at org.testng.TestRunner.privateRun(TestRunner.java:773)
	at org.testng.TestRunner.run(TestRunner.java:623)
	at org.testng.SuiteRunner.runTest(SuiteRunner.java:357)
	at org.testng.SuiteRunner.runSequentially(SuiteRunner.java:352)
	at org.testng.SuiteRunner.privateRun(SuiteRunner.java:310)
	at org.testng.SuiteRunner.run(SuiteRunner.java:259)
	at org.testng.SuiteRunnerWorker.runSuite(SuiteRunnerWorker.java:52)
	at org.testng.SuiteRunnerWorker.run(SuiteRunnerWorker.java:86)
	at org.testng.TestNG.runSuitesSequentially(TestNG.java:1185)
	at org.testng.TestNG.runSuitesLocally(TestNG.java:1110)
	at org.testng.TestNG.run(TestNG.java:1018)
	at org.testng.remote.AbstractRemoteTestNG.run(AbstractRemoteTestNG.java:115)
	at org.testng.remote.RemoteTestNG.initAndRun(RemoteTestNG.java:251)
	at org.testng.remote.RemoteTestNG.main(RemoteTestNG.java:77)
]]>
            </full-stacktrace>
          </exception> <!-- java.lang.IllegalMonitorStateException -->
          <reporter-output>
          </reporter-output>
        </test-method> <!-- BrowserLaunch -->
        <test-method status="SKIP" signature="LoginTest(java.lang.String, java.lang.String)[pri:0, instance:feonix.testing.testcases.LoginTC@31a5c39e]" name="LoginTest" duration-ms="3" started-at="2020-06-24T15:44:34Z" data-provider="LoginData" finished-at="2020-06-24T15:44:34Z">
          <params>
            <param index="0">
              <value>
                <![CDATA[soniafeonix]]>
              </value>
            </param>
            <param index="1">
              <value>
                <![CDATA[Hbss2004]]>
              </value>
            </param>
          </params>
          <reporter-output>
          </reporter-output>
        </test-method> <!-- LoginTest -->
        <test-method status="SKIP" signature="BrowserClose()[pri:0, instance:feonix.testing.testcases.LoginTC@31a5c39e]" name="BrowserClose" is-config="true" duration-ms="0" started-at="2020-06-24T15:44:34Z" finished-at="2020-06-24T15:44:34Z">
          <reporter-output>
          </reporter-output>
        </test-method> <!-- BrowserClose -->
        <test-method status="SKIP" signature="ExcelReport()[pri:0, instance:feonix.testing.testcases.LoginTC@31a5c39e]" name="ExcelReport" is-config="true" duration-ms="0" started-at="2020-06-24T15:44:34Z" finished-at="2020-06-24T15:44:34Z">
          <reporter-output>
          </reporter-output>
        </test-method> <!-- ExcelReport -->
      </class> <!-- feonix.testing.testcases.LoginTC -->
    </test> <!-- Default test -->
  </suite> <!-- Default suite -->
</testng-results>
